Comparing swkotor2.exe.main and swkotor2.exe.main.normal...
Compare error at OFFSET 4F9D21
file1 = 87
file2 = 62
Compare error at OFFSET 4F9D22
file1 = 0
file2 = 1
Compare error at OFFSET 4F9E0C
file1 = 85
file2 = 63
Compare error at OFFSET 4F9E0D
file1 = 0
file2 = 1
Compare error at OFFSET 4F9EDD
file1 = 86
file2 = 61
Compare error at OFFSET 4F9EDE
file1 = 0
file2 = 1
Compare error at OFFSET 583FB1
file1 = 6D
file2 = 9F
Compare error at OFFSET 583FB2
file1 = 7D
file2 = BB
Compare error at OFFSET 583FD5
file1 = 6E
file2 = A0
Compare error at OFFSET 583FD6
file1 = 7D
file2 = BB
10 mismatches - ending compare

file1 = kotor1 classes
file2 = kotor2 classes

note : some in-game scripts will need updating to reflect these edits as well.