Comparing swkotor2.exe and swkotor2.exe.class...
Compare error at OFFSET 4F9D21
file1 = 62
file2 = 87
Compare error at OFFSET 4F9D22
file1 = 1
file2 = 0
Compare error at OFFSET 4F9E0C
file1 = 63
file2 = 85
Compare error at OFFSET 4F9E0D
file1 = 1
file2 = 0
Compare error at OFFSET 4F9EDD
file1 = 61
file2 = 86
Compare error at OFFSET 4F9EDE
file1 = 1
file2 = 0
Compare error at OFFSET 583FB1
file1 = 9F
file2 = 6D
Compare error at OFFSET 583FB2
file1 = BB
file2 = 7D
Compare error at OFFSET 583FD5
file1 = A0
file2 = 6E
Compare error at OFFSET 583FD6
file1 = BB
file2 = 7D
10 mismatches - ending compare

file1 = jedi classes
file2 = regular classes

note : some in-game scripts will need updating to reflect these edits as well.